\BOOKMARK [0][-]{chapter.1}{S\345nger inom Academian}{}% 1
\BOOKMARK [1][-]{section.1.1}{Arbetslunchvisan}{chapter.1}% 2
\BOOKMARK [1][-]{section.1.2}{F\366rsta Snapsvisan}{chapter.1}% 3
\BOOKMARK [1][-]{section.1.3}{Den i:te snapsvisan}{chapter.1}% 4
\BOOKMARK [1][-]{section.1.4}{\304n en g\345ng d\344ran...}{chapter.1}% 5
\BOOKMARK [0][-]{chapter.2}{Fina Visor}{}% 6
\BOOKMARK [1][-]{section.2.1}{Du gamla, du fria}{chapter.2}% 7
\BOOKMARK [1][-]{section.2.2}{Kungss\345ngen}{chapter.2}% 8
\BOOKMARK [1][-]{section.2.3}{O gamla klang - och jubeltid}{chapter.2}% 9
\BOOKMARK [0][-]{chapter.3}{Vinvisor}{}% 10
\BOOKMARK [1][-]{section.3.1}{Bordeaux, Bordeaux}{chapter.3}% 11
\BOOKMARK [1][-]{section.3.2}{Feta Fransyskor}{chapter.3}% 12
\BOOKMARK [1][-]{section.3.3}{I Frankrike dricks det viner}{chapter.3}% 13
\BOOKMARK [1][-]{section.3.4}{Inre dialog}{chapter.3}% 14
\BOOKMARK [1][-]{section.3.5}{Sudda sudda}{chapter.3}% 15
\BOOKMARK [1][-]{section.3.6}{Undulaten}{chapter.3}% 16
\BOOKMARK [1][-]{section.3.7}{V\345rvinets lov}{chapter.3}% 17
\BOOKMARK [1][-]{section.3.8}{Imsig vimsig}{chapter.3}% 18
\BOOKMARK [1][-]{section.3.9}{Franska vanor}{chapter.3}% 19
\BOOKMARK [1][-]{section.3.10}{R\366d vitamin}{chapter.3}% 20
\BOOKMARK [0][-]{chapter.4}{Snapsvisor}{}% 21
\BOOKMARK [1][-]{section.4.1}{Livet \344r h\344rligt}{chapter.4}% 22
\BOOKMARK [1][-]{section.4.2}{Festen kan b\366rja}{chapter.4}% 23
\BOOKMARK [1][-]{section.4.3}{Denna thaft}{chapter.4}% 24
\BOOKMARK [1][-]{section.4.4}{Hell and gore}{chapter.4}% 25
\BOOKMARK [1][-]{section.4.5}{Mera br\344nnvin i glasen}{chapter.4}% 26
\BOOKMARK [1][-]{section.4.6}{M\345nvisa}{chapter.4}% 27
\BOOKMARK [1][-]{section.4.7}{Risjerk}{chapter.4}% 28
\BOOKMARK [1][-]{section.4.8}{Om cykla}{chapter.4}% 29
\BOOKMARK [1][-]{section.4.9}{R\366da havet}{chapter.4}% 30
\BOOKMARK [1][-]{section.4.10}{T\345rtsupen}{chapter.4}% 31
\BOOKMARK [1][-]{section.4.11}{Slutet s\344llskap}{chapter.4}% 32
\BOOKMARK [1][-]{section.4.12}{F\366r att m\344nniskan}{chapter.4}% 33
\BOOKMARK [1][-]{section.4.13}{Byssan lull}{chapter.4}% 34
\BOOKMARK [1][-]{section.4.14}{En liten g\345sap\345g med Sk\345ne}{chapter.4}% 35
\BOOKMARK [1][-]{section.4.15}{J\344sa, j\344sa br\344nnvin}{chapter.4}% 36
\BOOKMARK [1][-]{section.4.16}{Be Be vitamin}{chapter.4}% 37
\BOOKMARK [1][-]{section.4.17}{Br\344nnvin \344r s\345 j\344kla gott}{chapter.4}% 38
\BOOKMARK [1][-]{section.4.18}{Den siamesiska tvillingen}{chapter.4}% 39
\BOOKMARK [0][-]{chapter.5}{Gl\366ggvisor}{}% 40
\BOOKMARK [1][-]{section.5.1}{Gl\366ggvisa}{chapter.5}% 41
\BOOKMARK [1][-]{section.5.2}{Gl\366ggvisan}{chapter.5}% 42
\BOOKMARK [0][-]{chapter.6}{\326lvisor}{}% 43
\BOOKMARK [1][-]{section.6.1}{En pilsnerdrickare}{chapter.6}% 44
\BOOKMARK [1][-]{section.6.2}{H\344sthandlaren}{chapter.6}% 45
\BOOKMARK [1][-]{section.6.3}{Ju mera \366l vi dricker}{chapter.6}% 46
\BOOKMARK [1][-]{section.6.4}{Guld}{chapter.6}% 47
\BOOKMARK [1][-]{section.6.5}{Var n\366jd med \366len}{chapter.6}% 48
\BOOKMARK [1][-]{section.6.6}{Min pilsner}{chapter.6}% 49
\BOOKMARK [0][-]{chapter.7}{S\344llskapsvisor}{}% 50
\BOOKMARK [1][-]{section.7.1}{T\345rtan}{chapter.7}% 51
\BOOKMARK [1][-]{section.7.2}{T\345get}{chapter.7}% 52
\BOOKMARK [1][-]{section.7.3}{Brev fr\345n kolonien}{chapter.7}% 53
\BOOKMARK [1][-]{section.7.4}{Var bor du, lilla r\345tta?}{chapter.7}% 54
\BOOKMARK [1][-]{section.7.5}{Min h\344st}{chapter.7}% 55
\BOOKMARK [1][-]{section.7.6}{Min lilla h\344st}{chapter.7}% 56
\BOOKMARK [1][-]{section.7.7}{Professor Baltazar}{chapter.7}% 57
\BOOKMARK [1][-]{section.7.8}{Telefonen}{chapter.7}% 58
\BOOKMARK [1][-]{section.7.9}{En kulen natt}{chapter.7}% 59
\BOOKMARK [1][-]{section.7.10}{I ett hus}{chapter.7}% 60
\BOOKMARK [1][-]{section.7.11}{Under en filt i Madrid}{chapter.7}% 61
\BOOKMARK [1][-]{section.7.12}{Apans s\345ng}{chapter.7}% 62
\BOOKMARK [1][-]{section.7.13}{Kalles kl\344ttertr\344d}{chapter.7}% 63
\BOOKMARK [1][-]{section.7.14}{Jag vill ha blommig falukorv}{chapter.7}% 64
\BOOKMARK [1][-]{section.7.15}{Sj\366r\366var-Fabbe}{chapter.7}% 65
\BOOKMARK [1][-]{section.7.16}{Vi cyklar runt i v\344rlden}{chapter.7}% 66
\BOOKMARK [1][-]{section.7.17}{Fantomens brallor}{chapter.7}% 67
\BOOKMARK [1][-]{section.7.18}{Barn av v\345r tid}{chapter.7}% 68
\BOOKMARK [0][-]{chapter.8}{Punschvisor}{}% 69
\BOOKMARK [1][-]{section.8.1}{Punschen kommer}{chapter.8}% 70
\BOOKMARK [1][-]{section.8.2}{Gul lyser solen}{chapter.8}% 71
\BOOKMARK [1][-]{section.8.3}{Punsch, punsch}{chapter.8}% 72
\BOOKMARK [1][-]{section.8.4}{Min punsch}{chapter.8}% 73
\BOOKMARK [1][-]{section.8.5}{Punschen gul}{chapter.8}% 74
\BOOKMARK [1][-]{section.8.6}{Punschen kommer hej, hej}{chapter.8}% 75
\BOOKMARK [1][-]{section.8.7}{Studiemedelsrondo}{chapter.8}% 76
\BOOKMARK [1][-]{section.8.8}{V\344djan till punschen}{chapter.8}% 77
\BOOKMARK [1][-]{section.8.9}{\304rtor utan punschen}{chapter.8}% 78
\BOOKMARK [1][-]{section.8.10}{Sjung punschens lov}{chapter.8}% 79
\BOOKMARK [1][-]{section.8.11}{Sista punschvisan}{chapter.8}% 80
